GROUP,PACKAGE,CLASS,INSTRUCTION_MISSED,INSTRUCTION_COVERED,BRANCH_MISSED,BRANCH_COVERED,LINE_MISSED,LINE_COVERED,COMPLEXITY_MISSED,COMPLEXITY_COVERED,METHOD_MISSED,METHOD_COVERED
ResortsLite,com.demo.resortslite,BookingService,3,241,0,18,2,46,0,19,0,7
ResortsLite,com.demo.resortslite,ResortsLiteApplication,5,3,0,0,2,1,1,1,1,1
ResortsLite,com.demo.resortslite,BookingController,0,96,0,0,0,20,0,5,0,5
ResortsLite,com.demo.resortslite,ReportService,0,121,0,2,0,29,0,5,0,4
ResortsLite,com.demo.resortslite,RoomType,0,17,0,4,0,2,0,4,0,2
